Using pre-set license
Built from '2020.3/release' branch; Version is '2020.3.2f1 (8fd9074bf66c) revision 9427207'; Using compiler version '192528614'; Build Type 'Release'
OS: 'Windows 10 Pro; OS build 19042.867; Version 2009; 64bit' Language: 'de' Physical Memory: 16322 MB
BatchMode: 1, IsHumanControllingUs: 0, StartBugReporterOnCrash: 0, Is64bit: 1, IsPro: 0

 COMMAND LINE ARGUMENTS:
F:\Unity\2020.3.2f1\Editor\Unity.exe
-adb2
-batchMode
-noUpm
-name
AssetImportWorker0
-projectPath
F:/PaulProjekt/Paul-JulianProjekt/WurzelBaum
-logFile
Logs/AssetImportWorker0.log
-srvPort
51834
Successfully changed project path to: F:/PaulProjekt/Paul-JulianProjekt/WurzelBaum
F:/PaulProjekt/Paul-JulianProjekt/WurzelBaum
Using Asset Import Pipeline V2.
Refreshing native plugins compatible for Editor in 30.11 ms, found 0 plugins.
Preloading 0 native plugins for Editor in 0.00 ms.
Initialize engine version: 2020.3.2f1 (8fd9074bf66c)
[Subsystems] Discovering subsystems at path F:/Unity/2020.3.2f1/Editor/Data/Resources/UnitySubsystems
[Subsystems] Discovering subsystems at path F:/PaulProjekt/Paul-JulianProjekt/WurzelBaum/Assets
GfxDevice: creating device client; threaded=0
Direct3D:
    Version:  Direct3D 11.0 [level 11.1]
    Renderer: NVIDIA GeForce GTX 1050 Ti (ID=0x1c82)
    Vendor:   
    VRAM:     4018 MB
    Driver:   27.21.14.5730
Initialize mono
Mono path[0] = 'F:/Unity/2020.3.2f1/Editor/Data/Managed'
Mono path[1] = 'F:/Unity/2020.3.2f1/Editor/Data/MonoBleedingEdge/lib/mono/unityjit'
Mono config path = 'F:/Unity/2020.3.2f1/Editor/Data/MonoBleedingEdge/etc'
Using monoOptions --debugger-agent=transport=dt_socket,embedding=1,server=y,suspend=n,address=127.0.0.1:56984
Begin MonoManager ReloadAssembly
Registering precompiled unity dll's ...
Register platform support module: F:/Unity/2020.3.2f1/Editor/Data/PlaybackEngines/WindowsStandaloneSupport/UnityEditor.WindowsStandalone.Extensions.dll
Registered in 0.001291 seconds.
Native extension for WindowsStandalone target not found
Refreshing native plugins compatible for Editor in 34.46 ms, found 0 plugins.
Preloading 0 native plugins for Editor in 0.00 ms.
Invoked RoslynAnalysisRunner static constructor.
RoslynAnalysisRunner will not be running.
RoslynAnalysisRunner has terminated.
Mono: successfully reloaded assembly
- Completed reload, in  1.657 seconds
Platform modules already initialized, skipping
Registering precompiled user dll's ...
Registered in 0.001989 seconds.
Begin MonoManager ReloadAssembly
Native extension for WindowsStandalone target not found
Refreshing native plugins compatible for Editor in 33.48 ms, found 0 plugins.
Preloading 0 native plugins for Editor in 0.00 ms.
Invoked RoslynAnalysisRunner static constructor.
RoslynAnalysisRunner will not be running.
RoslynAnalysisRunner has terminated.
Mono: successfully reloaded assembly
- Completed reload, in  1.090 seconds
Platform modules already initialized, skipping
========================================================================
Worker process is ready to serve import requests
Launched and connected shader compiler UnityShaderCompiler.exe after 0.06 seconds
Refreshing native plugins compatible for Editor in 0.28 ms, found 0 plugins.
Preloading 0 native plugins for Editor in 0.00 ms.
Unloading 1419 Unused Serialized files (Serialized files now loaded: 0)
System memory in use before: 68.0 MB.
System memory in use after: 68.0 MB.

Unloading 12 unused Assets to reduce memory usage. Loaded Objects now: 1864.
Total: 2.810200 ms (FindLiveObjects: 0.238700 ms CreateObjectMapping: 0.163000 ms MarkObjects: 2.229800 ms  DeleteObjects: 0.177000 ms)

========================================================================
Received Import Request.
  path: Assets/Bilder/Background.jpg
  artifactKey: Guid(a133514d01aaa7c488c87ed86256f2cb) Importer(815301076,1909f56bfc062723c751e8b465ee728b)
Start importing Assets/Bilder/Background.jpg using Guid(a133514d01aaa7c488c87ed86256f2cb) Importer(815301076,1909f56bfc062723c751e8b465ee728b)  -> (artifact id: '1d4e4115f3a2afd83c8cefcd395a17d5') in 0.237892 seconds
  Import took 0.240850 seconds .

========================================================================
Received Import Request.
  Time since last request: 0.000277 seconds.
  path: Assets/Bilder
  artifactKey: Guid(52d50be27b254ce4b84a1dc2591fe90d) Importer(815301076,1909f56bfc062723c751e8b465ee728b)
Start importing Assets/Bilder using Guid(52d50be27b254ce4b84a1dc2591fe90d) Importer(815301076,1909f56bfc062723c751e8b465ee728b)  -> (artifact id: '499262c1d947651e88e38502542b77a4') in 0.152442 seconds
  Import took 0.154983 seconds .

========================================================================
Received Import Request.
  Time since last request: 0.000289 seconds.
  path: Assets/Bilder/layer0.png
  artifactKey: Guid(c7ed60fe77dd5274897c51676ef0c337) Importer(815301076,1909f56bfc062723c751e8b465ee728b)
Start importing Assets/Bilder/layer0.png using Guid(c7ed60fe77dd5274897c51676ef0c337) Importer(815301076,1909f56bfc062723c751e8b465ee728b)  -> (artifact id: '9dbd99cb2f07759389a51375e5f87c76') in 0.208103 seconds
  Import took 0.210886 seconds .

========================================================================
Received Import Request.
  Time since last request: 0.000259 seconds.
  path: Assets/Bilder/Background_1.png
  artifactKey: Guid(18efb5f5f9585ee4b8d9fd11ec238eda) Importer(815301076,1909f56bfc062723c751e8b465ee728b)
Start importing Assets/Bilder/Background_1.png using Guid(18efb5f5f9585ee4b8d9fd11ec238eda) Importer(815301076,1909f56bfc062723c751e8b465ee728b)  -> (artifact id: 'a0ac508c55d4de8c52c81c2c9b3c5c6e') in 0.219239 seconds
  Import took 0.222084 seconds .

========================================================================
Received Import Request.
  Time since last request: 41.476279 seconds.
  path: Assets/Bilder/Background_12.jpg
  artifactKey: Guid(0870e6a7d8bd8e948a053c997fb3086a) Importer(815301076,1909f56bfc062723c751e8b465ee728b)
Start importing Assets/Bilder/Background_12.jpg using Guid(0870e6a7d8bd8e948a053c997fb3086a) Importer(815301076,1909f56bfc062723c751e8b465ee728b)  -> (artifact id: '5f345ef916992322d3e875fdab504924') in 0.165113 seconds
  Import took 0.168962 seconds .

========================================================================
Received Import Request.
  Time since last request: 141.318612 seconds.
  path: Assets/Bilder/layer0.png
  artifactKey: Guid(c7ed60fe77dd5274897c51676ef0c337) Importer(815301076,1909f56bfc062723c751e8b465ee728b)
Start importing Assets/Bilder/layer0.png using Guid(c7ed60fe77dd5274897c51676ef0c337) Importer(815301076,1909f56bfc062723c751e8b465ee728b)  -> (artifact id: '0ddd8eb709b338ce227e29c3eb43b5fa') in 0.193382 seconds
  Import took 0.197005 seconds .

========================================================================
Received Import Request.
  Time since last request: 10.885458 seconds.
  path: Assets/Bilder/Background.jpg
  artifactKey: Guid(a133514d01aaa7c488c87ed86256f2cb) Importer(815301076,1909f56bfc062723c751e8b465ee728b)
Start importing Assets/Bilder/Background.jpg using Guid(a133514d01aaa7c488c87ed86256f2cb) Importer(815301076,1909f56bfc062723c751e8b465ee728b)  -> (artifact id: '17ae8e1e4e7833a16c96bedb9c64c0eb') in 0.167571 seconds
  Import took 0.170963 seconds .

========================================================================
Received Import Request.
  Time since last request: 7.935991 seconds.
  path: Assets/Bilder/Background_1.png
  artifactKey: Guid(18efb5f5f9585ee4b8d9fd11ec238eda) Importer(815301076,1909f56bfc062723c751e8b465ee728b)
Start importing Assets/Bilder/Background_1.png using Guid(18efb5f5f9585ee4b8d9fd11ec238eda) Importer(815301076,1909f56bfc062723c751e8b465ee728b)  -> (artifact id: '44370e3f6ffe3e1e19b9956207e76681') in 0.216299 seconds
  Import took 0.219267 seconds .

========================================================================
Received Prepare
Registering precompiled user dll's ...
Registered in 0.000910 seconds.
Begin MonoManager ReloadAssembly
Native extension for WindowsStandalone target not found
Refreshing native plugins compatible for Editor in 0.30 ms, found 0 plugins.
Preloading 0 native plugins for Editor in 0.00 ms.
Invoked RoslynAnalysisRunner static constructor.
RoslynAnalysisRunner will not be running.
RoslynAnalysisRunner has terminated.
Mono: successfully reloaded assembly
- Completed reload, in  0.952 seconds
Platform modules already initialized, skipping
Refreshing native plugins compatible for Editor in 0.29 ms, found 0 plugins.
Preloading 0 native plugins for Editor in 0.00 ms.
Unloading 1414 Unused Serialized files (Serialized files now loaded: 0)
System memory in use before: 68.1 MB.
System memory in use after: 68.2 MB.

Unloading 5 unused Assets to reduce memory usage. Loaded Objects now: 1870.
Total: 2.490900 ms (FindLiveObjects: 0.221600 ms CreateObjectMapping: 0.116100 ms MarkObjects: 2.067000 ms  DeleteObjects: 0.084900 ms)

========================================================================
Received Import Request.
  Time since last request: 228.791507 seconds.
  path: Assets/Bilder/Background_1.png
  artifactKey: Guid(18efb5f5f9585ee4b8d9fd11ec238eda) Importer(815301076,1909f56bfc062723c751e8b465ee728b)
Start importing Assets/Bilder/Background_1.png using Guid(18efb5f5f9585ee4b8d9fd11ec238eda) Importer(815301076,1909f56bfc062723c751e8b465ee728b)  -> (artifact id: '6b0982c8b5b0df1787b55492ade2909a') in 0.279916 seconds
  Import took 0.283091 seconds .

========================================================================
Received Import Request.
  Time since last request: 11.458383 seconds.
  path: Assets/Bilder/Background_12.jpg
  artifactKey: Guid(0870e6a7d8bd8e948a053c997fb3086a) Importer(815301076,1909f56bfc062723c751e8b465ee728b)
Start importing Assets/Bilder/Background_12.jpg using Guid(0870e6a7d8bd8e948a053c997fb3086a) Importer(815301076,1909f56bfc062723c751e8b465ee728b)  -> (artifact id: '60673fb9bb9986f329ba583f72544e22') in 0.172046 seconds
  Import took 0.175042 seconds .

========================================================================
Received Import Request.
  Time since last request: 97.929367 seconds.
  path: Assets/Bilder/layer0.png
  artifactKey: Guid(c7ed60fe77dd5274897c51676ef0c337) Importer(815301076,1909f56bfc062723c751e8b465ee728b)
Start importing Assets/Bilder/layer0.png using Guid(c7ed60fe77dd5274897c51676ef0c337) Importer(815301076,1909f56bfc062723c751e8b465ee728b)  -> (artifact id: 'd4ab07e78638a4347ae89bcb2c57bef2') in 0.271489 seconds
  Import took 0.275338 seconds .

========================================================================
Received Import Request.
  Time since last request: 830.911009 seconds.
  path: Assets/Bilder/Materials
  artifactKey: Guid(6073aafae3fed1040ac8bc15617836c1) Importer(815301076,1909f56bfc062723c751e8b465ee728b)
Start importing Assets/Bilder/Materials using Guid(6073aafae3fed1040ac8bc15617836c1) Importer(815301076,1909f56bfc062723c751e8b465ee728b)  -> (artifact id: '67119440423048e6569077a210f9b727') in 0.121935 seconds
  Import took 0.126286 seconds .

========================================================================
Received Import Request.
  Time since last request: 0.000250 seconds.
  path: Assets/Bilder/Materials/Background_1.mat
  artifactKey: Guid(8229552b31addac49ae3d177d432a918) Importer(815301076,1909f56bfc062723c751e8b465ee728b)
Start importing Assets/Bilder/Materials/Background_1.mat using Guid(8229552b31addac49ae3d177d432a918) Importer(815301076,1909f56bfc062723c751e8b465ee728b)  -> (artifact id: '5a42a0d4c81f30e9614cd2b26ab14e6c') in 0.174774 seconds
  Import took 0.177808 seconds .

========================================================================
Received Import Request.
  Time since last request: 0.000344 seconds.
  path: Assets/Bilder/Materials/layer0.mat
  artifactKey: Guid(2e121f2de83aa2e48ba08afb7f252e6c) Importer(815301076,1909f56bfc062723c751e8b465ee728b)
Start importing Assets/Bilder/Materials/layer0.mat using Guid(2e121f2de83aa2e48ba08afb7f252e6c) Importer(815301076,1909f56bfc062723c751e8b465ee728b)  -> (artifact id: '4cc86cdeba82e3df0383519d2817eb90') in 0.162705 seconds
  Import took 0.166080 seconds .

========================================================================
Received Import Request.
  Time since last request: 2.768890 seconds.
  path: Assets/Scripts/InputSetting.inputactions
  artifactKey: Guid(20b16738fc071d34483ac86d008d7710) Importer(815301076,1909f56bfc062723c751e8b465ee728b)
Start importing Assets/Scripts/InputSetting.inputactions using Guid(20b16738fc071d34483ac86d008d7710) Importer(815301076,1909f56bfc062723c751e8b465ee728b)  -> (artifact id: '5cbc13a586847818900f8187697d861e') in 0.137641 seconds
  Import took 0.141226 seconds .

========================================================================
Received Prepare
Registering precompiled user dll's ...
Registered in 0.000920 seconds.
Begin MonoManager ReloadAssembly
Native extension for WindowsStandalone target not found
Refreshing native plugins compatible for Editor in 0.29 ms, found 0 plugins.
Preloading 0 native plugins for Editor in 0.00 ms.
Invoked RoslynAnalysisRunner static constructor.
RoslynAnalysisRunner will not be running.
RoslynAnalysisRunner has terminated.
Mono: successfully reloaded assembly
- Completed reload, in  0.987 seconds
Platform modules already initialized, skipping
Refreshing native plugins compatible for Editor in 0.28 ms, found 0 plugins.
Preloading 0 native plugins for Editor in 0.00 ms.
Unloading 1414 Unused Serialized files (Serialized files now loaded: 0)
System memory in use before: 71.4 MB.
System memory in use after: 71.5 MB.

Unloading 5 unused Assets to reduce memory usage. Loaded Objects now: 1914.
Total: 2.352200 ms (FindLiveObjects: 0.196700 ms CreateObjectMapping: 0.095100 ms MarkObjects: 1.977000 ms  DeleteObjects: 0.082100 ms)

========================================================================
Received Import Request.
  Time since last request: 407.680937 seconds.
  path: Assets/Mohrhühner/New Material.mat
  artifactKey: Guid(70925dec86f34e045b065cf1b2551877) Importer(815301076,1909f56bfc062723c751e8b465ee728b)
Start importing Assets/Mohrhühner/New Material.mat using Guid(70925dec86f34e045b065cf1b2551877) Importer(815301076,1909f56bfc062723c751e8b465ee728b)  -> (artifact id: '221f9f4654fd8545772739a5ea085b17') in 0.268130 seconds
  Import took 0.271208 seconds .

========================================================================
Received Import Request.
  Time since last request: 0.000244 seconds.
  path: Assets/Mohrhühner/Sphere (2).prefab
  artifactKey: Guid(9f5de6b7e22952445ba85eae7158672b) Importer(815301076,1909f56bfc062723c751e8b465ee728b)
Start importing Assets/Mohrhühner/Sphere (2).prefab using Guid(9f5de6b7e22952445ba85eae7158672b) Importer(815301076,1909f56bfc062723c751e8b465ee728b)  -> (artifact id: '5c32e3e62643e75f6a91fe9c305bb9ce') in 0.152343 seconds
  Import took 0.155246 seconds .

========================================================================
Received Import Request.
  Time since last request: 0.000248 seconds.
  path: Assets/Mohrhühner/Sphere.prefab
  artifactKey: Guid(169acd0916e947c4b91cc7a2e8efdbf6) Importer(815301076,1909f56bfc062723c751e8b465ee728b)
Start importing Assets/Mohrhühner/Sphere.prefab using Guid(169acd0916e947c4b91cc7a2e8efdbf6) Importer(815301076,1909f56bfc062723c751e8b465ee728b)  -> (artifact id: 'ed11b6f5371848d038a9f78f91fe4483') in 0.163516 seconds
  Import took 0.166360 seconds .

========================================================================
Received Import Request.
  Time since last request: 0.000229 seconds.
  path: Assets/Mohrhühner/Sphere (1).prefab
  artifactKey: Guid(3948e214e361bfc4bafa9d9465418c22) Importer(815301076,1909f56bfc062723c751e8b465ee728b)
Start importing Assets/Mohrhühner/Sphere (1).prefab using Guid(3948e214e361bfc4bafa9d9465418c22) Importer(815301076,1909f56bfc062723c751e8b465ee728b)  -> (artifact id: '7b9b27f4dc10b671050ecba8cba9dd3c') in 0.163414 seconds
  Import took 0.166283 seconds .

========================================================================
Received Import Request.
  Time since last request: 0.155931 seconds.
  path: Assets/Mats/New Material 1.mat
  artifactKey: Guid(32d61a404e74ec74d85b0fb901a7608a) Importer(815301076,1909f56bfc062723c751e8b465ee728b)
Start importing Assets/Mats/New Material 1.mat using Guid(32d61a404e74ec74d85b0fb901a7608a) Importer(815301076,1909f56bfc062723c751e8b465ee728b)  -> (artifact id: 'fcf634418e8c9e0c25224416781043c1') in 0.184254 seconds
  Import took 0.188492 seconds .

========================================================================
Received Import Request.
  Time since last request: 0.000239 seconds.
  path: Assets/Mats/New Material.mat
  artifactKey: Guid(f52e5c30722a0c44ca32121f32d3c803) Importer(815301076,1909f56bfc062723c751e8b465ee728b)
Start importing Assets/Mats/New Material.mat using Guid(f52e5c30722a0c44ca32121f32d3c803) Importer(815301076,1909f56bfc062723c751e8b465ee728b)  -> (artifact id: 'f2ba794068856fbd09e5197ace99cbd0') in 0.141081 seconds
  Import took 0.144046 seconds .

========================================================================
Received Import Request.
  Time since last request: 0.000298 seconds.
  path: Assets/Mats/New Material 3.mat
  artifactKey: Guid(4501819fb2838bd409e1715f857bb07b) Importer(815301076,1909f56bfc062723c751e8b465ee728b)
Start importing Assets/Mats/New Material 3.mat using Guid(4501819fb2838bd409e1715f857bb07b) Importer(815301076,1909f56bfc062723c751e8b465ee728b)  -> (artifact id: '7e51b0520cf6a171860537cb4b78e7bb') in 0.163592 seconds
  Import took 0.166360 seconds .

========================================================================
Received Import Request.
  Time since last request: 0.000269 seconds.
  path: Assets/Mats/schawrz.mat
  artifactKey: Guid(932b187f923c6ef45bcd97e3db3d2d4d) Importer(815301076,1909f56bfc062723c751e8b465ee728b)
Start importing Assets/Mats/schawrz.mat using Guid(932b187f923c6ef45bcd97e3db3d2d4d) Importer(815301076,1909f56bfc062723c751e8b465ee728b)  -> (artifact id: 'a10bf0f3eb23ef0a5346e09f817a35e2') in 0.141321 seconds
  Import took 0.144361 seconds .

========================================================================
Received Import Request.
  Time since last request: 0.000293 seconds.
  path: Assets/GraphElements/Capsule (2).prefab
  artifactKey: Guid(6a2fb9c1975744c47a9a4300cf35a54f) Importer(815301076,1909f56bfc062723c751e8b465ee728b)
Start importing Assets/GraphElements/Capsule (2).prefab using Guid(6a2fb9c1975744c47a9a4300cf35a54f) Importer(815301076,1909f56bfc062723c751e8b465ee728b)  -> (artifact id: '9d85baa4f805516aa91b409a65cdb1fc') in 0.163152 seconds
  Import took 0.166058 seconds .

========================================================================
Received Import Request.
  Time since last request: 0.000269 seconds.
  path: Assets/GraphElements/sphere3.prefab
  artifactKey: Guid(2658d2192d4693744b820d8ad78ab293) Importer(815301076,1909f56bfc062723c751e8b465ee728b)
Start importing Assets/GraphElements/sphere3.prefab using Guid(2658d2192d4693744b820d8ad78ab293) Importer(815301076,1909f56bfc062723c751e8b465ee728b)  -> (artifact id: 'f929c4c94d82c68e7380076efda6c6b9') in 0.140822 seconds
  Import took 0.143697 seconds .

========================================================================
Received Import Request.
  Time since last request: 0.000289 seconds.
  path: Assets/GraphElements/ConnectionNew3.prefab
  artifactKey: Guid(8842ed0ba1a4324488ffaafb227b0691) Importer(815301076,1909f56bfc062723c751e8b465ee728b)
Start importing Assets/GraphElements/ConnectionNew3.prefab using Guid(8842ed0ba1a4324488ffaafb227b0691) Importer(815301076,1909f56bfc062723c751e8b465ee728b)  -> (artifact id: '42df5b5a3e6d2d19153e8d95387115ea') in 0.163834 seconds
  Import took 0.166697 seconds .

========================================================================
Received Import Request.
  Time since last request: 0.000253 seconds.
  path: Assets/GraphElements/Capsule.prefab
  artifactKey: Guid(3a48c9be381095147a9c89b8f67aa9fc) Importer(815301076,1909f56bfc062723c751e8b465ee728b)
Start importing Assets/GraphElements/Capsule.prefab using Guid(3a48c9be381095147a9c89b8f67aa9fc) Importer(815301076,1909f56bfc062723c751e8b465ee728b)  -> (artifact id: 'a556fbc4362f5924845a1c39d262acf5') in 0.141204 seconds
  Import took 0.143886 seconds .

========================================================================
Received Import Request.
  Time since last request: 0.000249 seconds.
  path: Assets/GraphElements/sphere1.prefab
  artifactKey: Guid(20c48e6a5705052489598511b2a807f8) Importer(815301076,1909f56bfc062723c751e8b465ee728b)
Start importing Assets/GraphElements/sphere1.prefab using Guid(20c48e6a5705052489598511b2a807f8) Importer(815301076,1909f56bfc062723c751e8b465ee728b)  -> (artifact id: 'e069fa268515d7e54b3fe75ee34dc29c') in 0.152390 seconds
  Import took 0.155334 seconds .

========================================================================
Received Import Request.
  Time since last request: 0.000253 seconds.
  path: Assets/GraphElements/Capsule (1).prefab
  artifactKey: Guid(3340849071d84084499994f5563128a9) Importer(815301076,1909f56bfc062723c751e8b465ee728b)
Start importing Assets/GraphElements/Capsule (1).prefab using Guid(3340849071d84084499994f5563128a9) Importer(815301076,1909f56bfc062723c751e8b465ee728b)  -> (artifact id: 'bda1f4d65cd06d3dcedacfdee3316f4e') in 0.218664 seconds
  Import took 0.222055 seconds .

========================================================================
Received Import Request.
  Time since last request: 0.000446 seconds.
  path: Assets/GraphElements/cube3.prefab
  artifactKey: Guid(b5103af17f351b94d8b33824e31b0e5a) Importer(815301076,1909f56bfc062723c751e8b465ee728b)
Start importing Assets/GraphElements/cube3.prefab using Guid(b5103af17f351b94d8b33824e31b0e5a) Importer(815301076,1909f56bfc062723c751e8b465ee728b)  -> (artifact id: '86a40c5b775f2257f7689171bc021c5a') in 0.173197 seconds
  Import took 0.176978 seconds .

========================================================================
Received Import Request.
  Time since last request: 0.000275 seconds.
  path: Assets/GraphElements/ConnectionNew.prefab
  artifactKey: Guid(e25957975670ef440ae94a7c49445286) Importer(815301076,1909f56bfc062723c751e8b465ee728b)
Start importing Assets/GraphElements/ConnectionNew.prefab using Guid(e25957975670ef440ae94a7c49445286) Importer(815301076,1909f56bfc062723c751e8b465ee728b)  -> (artifact id: 'f1c1927fee2c24e79b321f7d5188312e') in 0.307919 seconds
  Import took 0.310731 seconds .

========================================================================
Received Import Request.
  Time since last request: 0.000298 seconds.
  path: Assets/GraphElements/ConnectionNew0.prefab
  artifactKey: Guid(a21519d719d96ce499159f3385655b08) Importer(815301076,1909f56bfc062723c751e8b465ee728b)
Start importing Assets/GraphElements/ConnectionNew0.prefab using Guid(a21519d719d96ce499159f3385655b08) Importer(815301076,1909f56bfc062723c751e8b465ee728b)  -> (artifact id: 'e821563cf929c72380d51f0543b7f07d') in 0.163222 seconds
  Import took 0.166249 seconds .

========================================================================
Received Import Request.
  Time since last request: 0.000240 seconds.
  path: Assets/GraphElements/Cylinder.prefab
  artifactKey: Guid(b7c18e9f848988441a78e50da39c98ca) Importer(815301076,1909f56bfc062723c751e8b465ee728b)
Start importing Assets/GraphElements/Cylinder.prefab using Guid(b7c18e9f848988441a78e50da39c98ca) Importer(815301076,1909f56bfc062723c751e8b465ee728b)  -> (artifact id: '6e05467c32685cade646ef8427e90211') in 0.152205 seconds
  Import took 0.155130 seconds .

========================================================================
Received Import Request.
  Time since last request: 0.000233 seconds.
  path: Assets/GraphElements/Cylinder0.prefab
  artifactKey: Guid(866023edf9bab5f4a803b0f494e23bc1) Importer(815301076,1909f56bfc062723c751e8b465ee728b)
Start importing Assets/GraphElements/Cylinder0.prefab using Guid(866023edf9bab5f4a803b0f494e23bc1) Importer(815301076,1909f56bfc062723c751e8b465ee728b)  -> (artifact id: '346e427013aa00a2f6677c9ef02ad913') in 0.151178 seconds
  Import took 0.154374 seconds .

========================================================================
Received Import Request.
  Time since last request: 0.000229 seconds.
  path: Assets/GraphElements/GameObject (4).prefab
  artifactKey: Guid(5a292e171c9f13343bda5d2532b3e358) Importer(815301076,1909f56bfc062723c751e8b465ee728b)
Start importing Assets/GraphElements/GameObject (4).prefab using Guid(5a292e171c9f13343bda5d2532b3e358) Importer(815301076,1909f56bfc062723c751e8b465ee728b)  -> (artifact id: 'bfa9adade3b0f6c1db6da500b0775935') in 0.164294 seconds
  Import took 0.167417 seconds .

========================================================================
Received Import Request.
  Time since last request: 0.000318 seconds.
  path: Assets/GraphElements/GameObject (7).prefab
  artifactKey: Guid(4ee51bdb228334341ac54ead2415034f) Importer(815301076,1909f56bfc062723c751e8b465ee728b)
Start importing Assets/GraphElements/GameObject (7).prefab using Guid(4ee51bdb228334341ac54ead2415034f) Importer(815301076,1909f56bfc062723c751e8b465ee728b)  -> (artifact id: '64c8e56ba36c3b68dc2fb08b7df71c2f') in 0.173868 seconds
  Import took 0.176978 seconds .

========================================================================
Received Import Request.
  Time since last request: 0.000250 seconds.
  path: Assets/GraphElements/sphere2.prefab
  artifactKey: Guid(2429cca9be7732548805a78648730d3f) Importer(815301076,1909f56bfc062723c751e8b465ee728b)
Start importing Assets/GraphElements/sphere2.prefab using Guid(2429cca9be7732548805a78648730d3f) Importer(815301076,1909f56bfc062723c751e8b465ee728b)  -> (artifact id: 'baba26333656fc24bd2a819242df6992') in 0.141290 seconds
  Import took 0.144131 seconds .

========================================================================
Received Import Request.
  Time since last request: 0.000236 seconds.
  path: Assets/GraphElements/cube0.prefab
  artifactKey: Guid(134878aef24a3bc4cb8062b68fe490f9) Importer(815301076,1909f56bfc062723c751e8b465ee728b)
Start importing Assets/GraphElements/cube0.prefab using Guid(134878aef24a3bc4cb8062b68fe490f9) Importer(815301076,1909f56bfc062723c751e8b465ee728b)  -> (artifact id: '43c09c68d7870a716d7275a003a2ad50') in 0.185880 seconds
  Import took 0.188490 seconds .

========================================================================
Received Import Request.
  Time since last request: 0.000252 seconds.
  path: Assets/GraphElements/GameObject (2) 1.prefab
  artifactKey: Guid(0f89ace9a9dec914784dfc75fd4c887b) Importer(815301076,1909f56bfc062723c751e8b465ee728b)
Start importing Assets/GraphElements/GameObject (2) 1.prefab using Guid(0f89ace9a9dec914784dfc75fd4c887b) Importer(815301076,1909f56bfc062723c751e8b465ee728b)  -> (artifact id: 'ca32fe0ae5f12f97b6fbc2bb8c623e4a') in 0.174508 seconds
  Import took 0.177333 seconds .

========================================================================
Received Import Request.
  Time since last request: 0.000285 seconds.
  path: Assets/GraphElements/GameObject.prefab
  artifactKey: Guid(701d3cce74c12e34bba851498e9f8a66) Importer(815301076,1909f56bfc062723c751e8b465ee728b)
Start importing Assets/GraphElements/GameObject.prefab using Guid(701d3cce74c12e34bba851498e9f8a66) Importer(815301076,1909f56bfc062723c751e8b465ee728b)  -> (artifact id: '36f1c846040e7038818ffb4f00094fad') in 0.219099 seconds
  Import took 0.222428 seconds .

========================================================================
Received Import Request.
  Time since last request: 0.000364 seconds.
  path: Assets/GraphElements/GameObject (2).prefab
  artifactKey: Guid(872aee5c64740c546a5d9a3201f26dea) Importer(815301076,1909f56bfc062723c751e8b465ee728b)
Start importing Assets/GraphElements/GameObject (2).prefab using Guid(872aee5c64740c546a5d9a3201f26dea) Importer(815301076,1909f56bfc062723c751e8b465ee728b)  -> (artifact id: 'ad1e9854c8b62b91550166124a00b206') in 0.218528 seconds
  Import took 0.221295 seconds .

========================================================================
Received Import Request.
  Time since last request: 0.000302 seconds.
  path: Assets/GraphElements/cube1.prefab
  artifactKey: Guid(8352133accb9769429beb1a13357a6f6) Importer(815301076,1909f56bfc062723c751e8b465ee728b)
Start importing Assets/GraphElements/cube1.prefab using Guid(8352133accb9769429beb1a13357a6f6) Importer(815301076,1909f56bfc062723c751e8b465ee728b)  -> (artifact id: 'be0f2c9c994551777749545023c8ad6a') in 0.163330 seconds
  Import took 0.166356 seconds .

========================================================================
Received Import Request.
  Time since last request: 0.000223 seconds.
  path: Assets/GraphElements/Cylinder4.prefab
  artifactKey: Guid(d7c9e724378cb9e48b2090162010b3b1) Importer(815301076,1909f56bfc062723c751e8b465ee728b)
Start importing Assets/GraphElements/Cylinder4.prefab using Guid(d7c9e724378cb9e48b2090162010b3b1) Importer(815301076,1909f56bfc062723c751e8b465ee728b)  -> (artifact id: '8d13a459be24f10636af57edb96c606f') in 0.185119 seconds
  Import took 0.188615 seconds .

========================================================================
Received Import Request.
  Time since last request: 0.000195 seconds.
  path: Assets/GraphElements/ConnectionNew1.prefab
  artifactKey: Guid(638e56bde315be141acb4e522e52ba0b) Importer(815301076,1909f56bfc062723c751e8b465ee728b)
Start importing Assets/GraphElements/ConnectionNew1.prefab using Guid(638e56bde315be141acb4e522e52ba0b) Importer(815301076,1909f56bfc062723c751e8b465ee728b)  -> (artifact id: '32ad600a1dc6e6dc4e6c7bdef55f5145') in 0.164925 seconds
  Import took 0.168372 seconds .

========================================================================
Received Import Request.
  Time since last request: 0.000257 seconds.
  path: Assets/GraphElements/ConnectionNew5.prefab
  artifactKey: Guid(f606c3943b4e7fa4dbd739dd24969dbe) Importer(815301076,1909f56bfc062723c751e8b465ee728b)
Start importing Assets/GraphElements/ConnectionNew5.prefab using Guid(f606c3943b4e7fa4dbd739dd24969dbe) Importer(815301076,1909f56bfc062723c751e8b465ee728b)  -> (artifact id: '21802389e7c68fd37b146021a12caf6c') in 0.138893 seconds
  Import took 0.141882 seconds .

========================================================================
Received Import Request.
  Time since last request: 0.000653 seconds.
  path: Assets/GraphElements/Capsule (3).prefab
  artifactKey: Guid(9e34cd3b878875b4a9352531712a5c1a) Importer(815301076,1909f56bfc062723c751e8b465ee728b)
Start importing Assets/GraphElements/Capsule (3).prefab using Guid(9e34cd3b878875b4a9352531712a5c1a) Importer(815301076,1909f56bfc062723c751e8b465ee728b)  -> (artifact id: '68fd61e72495e0a337b03ad0a427f061') in 0.162725 seconds
  Import took 0.166071 seconds .

========================================================================
Received Import Request.
  Time since last request: 0.000248 seconds.
  path: Assets/GraphElements/Cylinder5.prefab
  artifactKey: Guid(394f4759777031b458458bf8fc020c64) Importer(815301076,1909f56bfc062723c751e8b465ee728b)
Start importing Assets/GraphElements/Cylinder5.prefab using Guid(394f4759777031b458458bf8fc020c64) Importer(815301076,1909f56bfc062723c751e8b465ee728b)  -> (artifact id: 'c8c5b9296b30d7f140371a064c681199') in 0.174133 seconds
  Import took 0.177721 seconds .

========================================================================
Received Import Request.
  Time since last request: 0.000266 seconds.
  path: Assets/GraphElements/ConnectionNew2.prefab
  artifactKey: Guid(66ba1e783fa75b54a9b2a4f32e331295) Importer(815301076,1909f56bfc062723c751e8b465ee728b)
Start importing Assets/GraphElements/ConnectionNew2.prefab using Guid(66ba1e783fa75b54a9b2a4f32e331295) Importer(815301076,1909f56bfc062723c751e8b465ee728b)  -> (artifact id: 'f85844ad9b359583a8e1ebcfa5325373') in 0.140565 seconds
  Import took 0.144383 seconds .

========================================================================
Received Import Request.
  Time since last request: 0.000395 seconds.
  path: Assets/GraphElements/GameObject (6).prefab
  artifactKey: Guid(9b86c1d0351a58e4dab5ecd62592e7f1) Importer(815301076,1909f56bfc062723c751e8b465ee728b)
Start importing Assets/GraphElements/GameObject (6).prefab using Guid(9b86c1d0351a58e4dab5ecd62592e7f1) Importer(815301076,1909f56bfc062723c751e8b465ee728b)  -> (artifact id: 'b483667fae75c410b6ff84cc8926b67c') in 0.162291 seconds
  Import took 0.166206 seconds .

========================================================================
Received Import Request.
  Time since last request: 0.000062 seconds.
  path: Assets/GraphElements/ConnectionNew4.prefab
  artifactKey: Guid(0fbef7c18d48ba74f94bc0a8c148cb89) Importer(815301076,1909f56bfc062723c751e8b465ee728b)
Start importing Assets/GraphElements/ConnectionNew4.prefab using Guid(0fbef7c18d48ba74f94bc0a8c148cb89) Importer(815301076,1909f56bfc062723c751e8b465ee728b)  -> (artifact id: 'b145b45447aa2f3463e1e2cdfbf1bd07') in 0.139794 seconds
  Import took 0.142928 seconds .

========================================================================
Received Import Request.
  Time since last request: 0.000253 seconds.
  path: Assets/GraphElements/GameObject (3) 1.prefab
  artifactKey: Guid(8f4177f13d0f95a4a8c8c34e37386bf1) Importer(815301076,1909f56bfc062723c751e8b465ee728b)
Start importing Assets/GraphElements/GameObject (3) 1.prefab using Guid(8f4177f13d0f95a4a8c8c34e37386bf1) Importer(815301076,1909f56bfc062723c751e8b465ee728b)  -> (artifact id: '84b1c24c114a652782b717dc228e00af') in 0.163471 seconds
  Import took 0.166261 seconds .

========================================================================
Received Import Request.
  Time since last request: 0.000349 seconds.
  path: Assets/Mats/New Material 2.mat
  artifactKey: Guid(4c82f79a508a2914cb6a7b4333196be5) Importer(815301076,1909f56bfc062723c751e8b465ee728b)
Start importing Assets/Mats/New Material 2.mat using Guid(4c82f79a508a2914cb6a7b4333196be5) Importer(815301076,1909f56bfc062723c751e8b465ee728b)  -> (artifact id: '7b8f6959572ab4e8a2ebb8325240b074') in 0.185572 seconds
  Import took 0.188837 seconds .

========================================================================
Received Import Request.
  Time since last request: 0.000426 seconds.
  path: Assets/GraphElements/Cylinder2.prefab
  artifactKey: Guid(cd4be1fde5d7e64459cfb1dbb04e62c4) Importer(815301076,1909f56bfc062723c751e8b465ee728b)
Start importing Assets/GraphElements/Cylinder2.prefab using Guid(cd4be1fde5d7e64459cfb1dbb04e62c4) Importer(815301076,1909f56bfc062723c751e8b465ee728b)  -> (artifact id: '5b2bcb83c27ddc9f6517b9049dbd8196') in 0.240656 seconds
  Import took 0.243611 seconds .

========================================================================
Received Import Request.
  Time since last request: 0.000251 seconds.
  path: Assets/GraphElements/Cylinder3.prefab
  artifactKey: Guid(cd26fd993a22d504792a093de00da1a7) Importer(815301076,1909f56bfc062723c751e8b465ee728b)
Start importing Assets/GraphElements/Cylinder3.prefab using Guid(cd26fd993a22d504792a093de00da1a7) Importer(815301076,1909f56bfc062723c751e8b465ee728b)  -> (artifact id: '98ce60207a2afd46a1e7679571fb1c57') in 0.207537 seconds
  Import took 0.210994 seconds .

========================================================================
Received Import Request.
  Time since last request: 0.000380 seconds.
  path: Assets/GraphElements/sphere0.prefab
  artifactKey: Guid(c86199c6d2130d24bb208db0f62224e1) Importer(815301076,1909f56bfc062723c751e8b465ee728b)
Start importing Assets/GraphElements/sphere0.prefab using Guid(c86199c6d2130d24bb208db0f62224e1) Importer(815301076,1909f56bfc062723c751e8b465ee728b)  -> (artifact id: 'fcbb566d5b1a652dd90de9e33fdc6b29') in 0.173891 seconds
  Import took 0.176917 seconds .

========================================================================
Received Import Request.
  Time since last request: 0.000307 seconds.
  path: Assets/GraphElements/GameObject (3).prefab
  artifactKey: Guid(92060e15362c3514995a164375bc786c) Importer(815301076,1909f56bfc062723c751e8b465ee728b)
Start importing Assets/GraphElements/GameObject (3).prefab using Guid(92060e15362c3514995a164375bc786c) Importer(815301076,1909f56bfc062723c751e8b465ee728b)  -> (artifact id: '25e750f8230e4318cb70a68a4bcdc98e') in 0.207822 seconds
  Import took 0.210794 seconds .

========================================================================
Received Import Request.
  Time since last request: 0.000256 seconds.
  path: Assets/GraphElements/GameObject (5).prefab
  artifactKey: Guid(8a4ba9638dd269e4ab81673700614198) Importer(815301076,1909f56bfc062723c751e8b465ee728b)
Start importing Assets/GraphElements/GameObject (5).prefab using Guid(8a4ba9638dd269e4ab81673700614198) Importer(815301076,1909f56bfc062723c751e8b465ee728b)  -> (artifact id: '2c719dd6c4f1fd42f51ebe08d3a0e8e0') in 0.207621 seconds
  Import took 0.210639 seconds .

========================================================================
Received Import Request.
  Time since last request: 0.000366 seconds.
  path: Assets/GraphElements/cube2.prefab
  artifactKey: Guid(c26d1e4b1603c794b8ea21b2d2bb829c) Importer(815301076,1909f56bfc062723c751e8b465ee728b)
Start importing Assets/GraphElements/cube2.prefab using Guid(c26d1e4b1603c794b8ea21b2d2bb829c) Importer(815301076,1909f56bfc062723c751e8b465ee728b)  -> (artifact id: '3508e024dd07d5e21bffa30f17b84674') in 0.185421 seconds
  Import took 0.188343 seconds .

========================================================================
Received Import Request.
  Time since last request: 0.000250 seconds.
  path: Assets/GraphElements/Cylinder1.prefab
  artifactKey: Guid(eeb4f070269cab243b1eb84836ab5c91) Importer(815301076,1909f56bfc062723c751e8b465ee728b)
Start importing Assets/GraphElements/Cylinder1.prefab using Guid(eeb4f070269cab243b1eb84836ab5c91) Importer(815301076,1909f56bfc062723c751e8b465ee728b)  -> (artifact id: 'd9372e1cc39f7d21c831da89b40b3880') in 0.318986 seconds
  Import took 0.322383 seconds .

========================================================================
Received Prepare
Registering precompiled user dll's ...
Registered in 0.001247 seconds.
Begin MonoManager ReloadAssembly
Native extension for WindowsStandalone target not found
Refreshing native plugins compatible for Editor in 0.37 ms, found 0 plugins.
Preloading 0 native plugins for Editor in 0.00 ms.
Invoked RoslynAnalysisRunner static constructor.
RoslynAnalysisRunner will not be running.
RoslynAnalysisRunner has terminated.
Mono: successfully reloaded assembly
- Completed reload, in  1.226 seconds
Platform modules already initialized, skipping
Refreshing native plugins compatible for Editor in 0.29 ms, found 0 plugins.
Preloading 0 native plugins for Editor in 0.00 ms.
Unloading 1414 Unused Serialized files (Serialized files now loaded: 0)
System memory in use before: 71.7 MB.
System memory in use after: 71.7 MB.

Unloading 5 unused Assets to reduce memory usage. Loaded Objects now: 1922.
Total: 2.501000 ms (FindLiveObjects: 0.219800 ms CreateObjectMapping: 0.131100 ms MarkObjects: 2.066100 ms  DeleteObjects: 0.082900 ms)

========================================================================
Received Import Request.
  Time since last request: 292.530909 seconds.
  path: Assets/Scripts/hohrmuhn.cs
  artifactKey: Guid(8826271499e95fb448cd5a2cea13ae0f) Importer(815301076,1909f56bfc062723c751e8b465ee728b)
Start importing Assets/Scripts/hohrmuhn.cs using Guid(8826271499e95fb448cd5a2cea13ae0f) Importer(815301076,1909f56bfc062723c751e8b465ee728b)  -> (artifact id: '28e84f93c4d429fb34270c93605b1521') in 0.186851 seconds
  Import took 0.190011 seconds .

========================================================================
Received Prepare
Registering precompiled user dll's ...
Registered in 0.003203 seconds.
Begin MonoManager ReloadAssembly
Native extension for WindowsStandalone target not found
Refreshing native plugins compatible for Editor in 0.48 ms, found 0 plugins.
Preloading 0 native plugins for Editor in 0.00 ms.
Invoked RoslynAnalysisRunner static constructor.
RoslynAnalysisRunner will not be running.
RoslynAnalysisRunner has terminated.
Mono: successfully reloaded assembly
- Completed reload, in  1.145 seconds
Platform modules already initialized, skipping
Refreshing native plugins compatible for Editor in 0.31 ms, found 0 plugins.
Preloading 0 native plugins for Editor in 0.00 ms.
Unloading 1414 Unused Serialized files (Serialized files now loaded: 0)
System memory in use before: 71.7 MB.
System memory in use after: 71.8 MB.

Unloading 5 unused Assets to reduce memory usage. Loaded Objects now: 1925.
Total: 2.192900 ms (FindLiveObjects: 0.199800 ms CreateObjectMapping: 0.096500 ms MarkObjects: 1.838400 ms  DeleteObjects: 0.056700 ms)

========================================================================
Received Import Request.
  Time since last request: 13.818144 seconds.
  path: Assets/Scripts/raycast.cs
  artifactKey: Guid(4b1ea45bdbf195a4faf01e5d50f5a57a) Importer(815301076,1909f56bfc062723c751e8b465ee728b)
Start importing Assets/Scripts/raycast.cs using Guid(4b1ea45bdbf195a4faf01e5d50f5a57a) Importer(815301076,1909f56bfc062723c751e8b465ee728b)  -> (artifact id: '1f2d1dacc84b811689d4b7f11ae1dd9a') in 0.334241 seconds
  Import took 0.337647 seconds .

========================================================================
Received Prepare
Registering precompiled user dll's ...
Registered in 0.000797 seconds.
Begin MonoManager ReloadAssembly
Native extension for WindowsStandalone target not found
Refreshing native plugins compatible for Editor in 0.31 ms, found 0 plugins.
Preloading 0 native plugins for Editor in 0.00 ms.
Invoked RoslynAnalysisRunner static constructor.
RoslynAnalysisRunner will not be running.
RoslynAnalysisRunner has terminated.
Mono: successfully reloaded assembly
- Completed reload, in  1.087 seconds
Platform modules already initialized, skipping
Refreshing native plugins compatible for Editor in 0.29 ms, found 0 plugins.
Preloading 0 native plugins for Editor in 0.00 ms.
Unloading 1414 Unused Serialized files (Serialized files now loaded: 0)
System memory in use before: 71.7 MB.
System memory in use after: 71.8 MB.

Unloading 5 unused Assets to reduce memory usage. Loaded Objects now: 1928.
Total: 2.504800 ms (FindLiveObjects: 0.241400 ms CreateObjectMapping: 0.124300 ms MarkObjects: 2.079100 ms  DeleteObjects: 0.058600 ms)

========================================================================
Received Prepare
Registering precompiled user dll's ...
Registered in 0.000914 seconds.
Begin MonoManager ReloadAssembly
Native extension for WindowsStandalone target not found
Refreshing native plugins compatible for Editor in 0.30 ms, found 0 plugins.
Preloading 0 native plugins for Editor in 0.00 ms.
Invoked RoslynAnalysisRunner static constructor.
RoslynAnalysisRunner will not be running.
RoslynAnalysisRunner has terminated.
Mono: successfully reloaded assembly
- Completed reload, in  0.961 seconds
Platform modules already initialized, skipping
Refreshing native plugins compatible for Editor in 0.30 ms, found 0 plugins.
Preloading 0 native plugins for Editor in 0.00 ms.
Unloading 1414 Unused Serialized files (Serialized files now loaded: 0)
System memory in use before: 71.7 MB.
System memory in use after: 71.8 MB.

Unloading 5 unused Assets to reduce memory usage. Loaded Objects now: 1931.
Total: 2.560100 ms (FindLiveObjects: 0.247600 ms CreateObjectMapping: 0.125200 ms MarkObjects: 2.132400 ms  DeleteObjects: 0.053300 ms)

========================================================================
Received Prepare
Registering precompiled user dll's ...
Registered in 0.000716 seconds.
Begin MonoManager ReloadAssembly
Native extension for WindowsStandalone target not found
Refreshing native plugins compatible for Editor in 0.30 ms, found 0 plugins.
Preloading 0 native plugins for Editor in 0.00 ms.
Invoked RoslynAnalysisRunner static constructor.
RoslynAnalysisRunner will not be running.
RoslynAnalysisRunner has terminated.
Mono: successfully reloaded assembly
- Completed reload, in  0.982 seconds
Platform modules already initialized, skipping
Refreshing native plugins compatible for Editor in 0.30 ms, found 0 plugins.
Preloading 0 native plugins for Editor in 0.00 ms.
Unloading 1414 Unused Serialized files (Serialized files now loaded: 0)
System memory in use before: 71.7 MB.
System memory in use after: 71.8 MB.

Unloading 5 unused Assets to reduce memory usage. Loaded Objects now: 1934.
Total: 2.393400 ms (FindLiveObjects: 0.284700 ms CreateObjectMapping: 0.114000 ms MarkObjects: 1.936600 ms  DeleteObjects: 0.056800 ms)

========================================================================
Received Prepare
Registering precompiled user dll's ...
Registered in 0.000816 seconds.
Begin MonoManager ReloadAssembly
Native extension for WindowsStandalone target not found
Refreshing native plugins compatible for Editor in 0.28 ms, found 0 plugins.
Preloading 0 native plugins for Editor in 0.00 ms.
Invoked RoslynAnalysisRunner static constructor.
RoslynAnalysisRunner will not be running.
RoslynAnalysisRunner has terminated.
Mono: successfully reloaded assembly
- Completed reload, in  1.663 seconds
Platform modules already initialized, skipping
Refreshing native plugins compatible for Editor in 0.30 ms, found 0 plugins.
Preloading 0 native plugins for Editor in 0.00 ms.
Unloading 1414 Unused Serialized files (Serialized files now loaded: 0)
System memory in use before: 71.7 MB.
System memory in use after: 71.8 MB.

Unloading 5 unused Assets to reduce memory usage. Loaded Objects now: 1937.
Total: 2.259500 ms (FindLiveObjects: 0.212100 ms CreateObjectMapping: 0.087300 ms MarkObjects: 1.902400 ms  DeleteObjects: 0.056200 ms)

========================================================================
Received Prepare
Registering precompiled user dll's ...
Registered in 0.006541 seconds.
Begin MonoManager ReloadAssembly
Native extension for WindowsStandalone target not found
Refreshing native plugins compatible for Editor in 0.29 ms, found 0 plugins.
Preloading 0 native plugins for Editor in 0.00 ms.
Invoked RoslynAnalysisRunner static constructor.
RoslynAnalysisRunner will not be running.
RoslynAnalysisRunner has terminated.
Mono: successfully reloaded assembly
- Completed reload, in  1.676 seconds
Platform modules already initialized, skipping
Refreshing native plugins compatible for Editor in 0.32 ms, found 0 plugins.
Preloading 0 native plugins for Editor in 0.00 ms.
Unloading 1414 Unused Serialized files (Serialized files now loaded: 0)
System memory in use before: 71.7 MB.
System memory in use after: 71.8 MB.

Unloading 5 unused Assets to reduce memory usage. Loaded Objects now: 1940.
Total: 2.499000 ms (FindLiveObjects: 0.243700 ms CreateObjectMapping: 0.128100 ms MarkObjects: 2.071100 ms  DeleteObjects: 0.053300 ms)

========================================================================
Received Prepare
Registering precompiled user dll's ...
Registered in 0.000836 seconds.
Begin MonoManager ReloadAssembly
Native extension for WindowsStandalone target not found
Refreshing native plugins compatible for Editor in 0.31 ms, found 0 plugins.
Preloading 0 native plugins for Editor in 0.00 ms.
Invoked RoslynAnalysisRunner static constructor.
RoslynAnalysisRunner will not be running.
RoslynAnalysisRunner has terminated.
Mono: successfully reloaded assembly
- Completed reload, in  1.738 seconds
Platform modules already initialized, skipping
Refreshing native plugins compatible for Editor in 0.43 ms, found 0 plugins.
Preloading 0 native plugins for Editor in 0.00 ms.
Unloading 1414 Unused Serialized files (Serialized files now loaded: 0)
System memory in use before: 71.7 MB.
System memory in use after: 71.8 MB.

Unloading 5 unused Assets to reduce memory usage. Loaded Objects now: 1943.
Total: 4.378500 ms (FindLiveObjects: 0.170800 ms CreateObjectMapping: 0.052400 ms MarkObjects: 4.088200 ms  DeleteObjects: 0.065400 ms)

========================================================================
Received Prepare
Registering precompiled user dll's ...
Registered in 0.000767 seconds.
Begin MonoManager ReloadAssembly
Native extension for WindowsStandalone target not found
Refreshing native plugins compatible for Editor in 5.98 ms, found 0 plugins.
Preloading 0 native plugins for Editor in 0.00 ms.
Invoked RoslynAnalysisRunner static constructor.
RoslynAnalysisRunner will not be running.
RoslynAnalysisRunner has terminated.
Mono: successfully reloaded assembly
- Completed reload, in  6.000 seconds
Platform modules already initialized, skipping
Refreshing native plugins compatible for Editor in 7.83 ms, found 0 plugins.
Preloading 0 native plugins for Editor in 0.00 ms.
Unloading 1414 Unused Serialized files (Serialized files now loaded: 0)
System memory in use before: 71.7 MB.
System memory in use after: 71.8 MB.

Unloading 5 unused Assets to reduce memory usage. Loaded Objects now: 1946.
Total: 5.074100 ms (FindLiveObjects: 1.049800 ms CreateObjectMapping: 0.172500 ms MarkObjects: 3.798900 ms  DeleteObjects: 0.051200 ms)

========================================================================
Received Prepare
Registering precompiled user dll's ...
Registered in 0.000771 seconds.
Begin MonoManager ReloadAssembly
Native extension for WindowsStandalone target not found
Refreshing native plugins compatible for Editor in 0.29 ms, found 0 plugins.
Preloading 0 native plugins for Editor in 0.00 ms.
Invoked RoslynAnalysisRunner static constructor.
RoslynAnalysisRunner will not be running.
RoslynAnalysisRunner has terminated.
Mono: successfully reloaded assembly
- Completed reload, in  2.139 seconds
Platform modules already initialized, skipping
Refreshing native plugins compatible for Editor in 0.28 ms, found 0 plugins.
Preloading 0 native plugins for Editor in 0.00 ms.
Unloading 1414 Unused Serialized files (Serialized files now loaded: 0)
System memory in use before: 71.8 MB.
System memory in use after: 71.8 MB.

Unloading 5 unused Assets to reduce memory usage. Loaded Objects now: 1949.
Total: 3.218500 ms (FindLiveObjects: 0.391400 ms CreateObjectMapping: 0.094000 ms MarkObjects: 2.676600 ms  DeleteObjects: 0.055000 ms)

========================================================================
Received Prepare
Registering precompiled user dll's ...
Registered in 0.001016 seconds.
Begin MonoManager ReloadAssembly
Native extension for WindowsStandalone target not found
Refreshing native plugins compatible for Editor in 0.29 ms, found 0 plugins.
Preloading 0 native plugins for Editor in 0.00 ms.
Invoked RoslynAnalysisRunner static constructor.
RoslynAnalysisRunner will not be running.
RoslynAnalysisRunner has terminated.
Mono: successfully reloaded assembly
- Completed reload, in  1.435 seconds
Platform modules already initialized, skipping
Refreshing native plugins compatible for Editor in 0.31 ms, found 0 plugins.
Preloading 0 native plugins for Editor in 0.00 ms.
Unloading 1414 Unused Serialized files (Serialized files now loaded: 0)
System memory in use before: 71.8 MB.
System memory in use after: 71.8 MB.

Unloading 5 unused Assets to reduce memory usage. Loaded Objects now: 1952.
Total: 2.509300 ms (FindLiveObjects: 0.227900 ms CreateObjectMapping: 0.113800 ms MarkObjects: 2.060400 ms  DeleteObjects: 0.105600 ms)

========================================================================
Received Prepare
Registering precompiled user dll's ...
Registered in 0.004007 seconds.
Begin MonoManager ReloadAssembly
Native extension for WindowsStandalone target not found
Refreshing native plugins compatible for Editor in 0.48 ms, found 0 plugins.
Preloading 0 native plugins for Editor in 0.00 ms.
Invoked RoslynAnalysisRunner static constructor.
RoslynAnalysisRunner will not be running.
RoslynAnalysisRunner has terminated.
Mono: successfully reloaded assembly
- Completed reload, in  1.475 seconds
Platform modules already initialized, skipping
Refreshing native plugins compatible for Editor in 0.72 ms, found 0 plugins.
Preloading 0 native plugins for Editor in 0.00 ms.
Unloading 1414 Unused Serialized files (Serialized files now loaded: 0)
System memory in use before: 71.8 MB.
System memory in use after: 71.9 MB.

Unloading 5 unused Assets to reduce memory usage. Loaded Objects now: 1955.
Total: 2.366500 ms (FindLiveObjects: 0.227000 ms CreateObjectMapping: 0.114400 ms MarkObjects: 1.964400 ms  DeleteObjects: 0.059300 ms)

========================================================================
Received Prepare
Registering precompiled user dll's ...
Registered in 0.000789 seconds.
Begin MonoManager ReloadAssembly
Native extension for WindowsStandalone target not found
Refreshing native plugins compatible for Editor in 0.30 ms, found 0 plugins.
Preloading 0 native plugins for Editor in 0.00 ms.
Invoked RoslynAnalysisRunner static constructor.
RoslynAnalysisRunner will not be running.
RoslynAnalysisRunner has terminated.
Mono: successfully reloaded assembly
- Completed reload, in  1.449 seconds
Platform modules already initialized, skipping
Refreshing native plugins compatible for Editor in 0.36 ms, found 0 plugins.
Preloading 0 native plugins for Editor in 0.00 ms.
Unloading 1414 Unused Serialized files (Serialized files now loaded: 0)
System memory in use before: 71.8 MB.
System memory in use after: 71.9 MB.

Unloading 5 unused Assets to reduce memory usage. Loaded Objects now: 1958.
Total: 1.829800 ms (FindLiveObjects: 0.156400 ms CreateObjectMapping: 0.051700 ms MarkObjects: 1.570300 ms  DeleteObjects: 0.049900 ms)

========================================================================
Received Prepare
Registering precompiled user dll's ...
Registered in 0.010279 seconds.
Begin MonoManager ReloadAssembly
Native extension for WindowsStandalone target not found
Refreshing native plugins compatible for Editor in 0.29 ms, found 0 plugins.
Preloading 0 native plugins for Editor in 0.00 ms.
Invoked RoslynAnalysisRunner static constructor.
RoslynAnalysisRunner will not be running.
RoslynAnalysisRunner has terminated.
Mono: successfully reloaded assembly
- Completed reload, in  1.472 seconds
Platform modules already initialized, skipping
Refreshing native plugins compatible for Editor in 0.37 ms, found 0 plugins.
Preloading 0 native plugins for Editor in 0.00 ms.
Unloading 1414 Unused Serialized files (Serialized files now loaded: 0)
System memory in use before: 71.8 MB.
System memory in use after: 71.9 MB.

Unloading 5 unused Assets to reduce memory usage. Loaded Objects now: 1961.
Total: 2.162700 ms (FindLiveObjects: 0.208200 ms CreateObjectMapping: 0.091600 ms MarkObjects: 1.807300 ms  DeleteObjects: 0.054300 ms)

========================================================================
Received Prepare
Registering precompiled user dll's ...
Registered in 0.001759 seconds.
Begin MonoManager ReloadAssembly
Native extension for WindowsStandalone target not found
Refreshing native plugins compatible for Editor in 0.29 ms, found 0 plugins.
Preloading 0 native plugins for Editor in 0.00 ms.
Invoked RoslynAnalysisRunner static constructor.
RoslynAnalysisRunner will not be running.
RoslynAnalysisRunner has terminated.
Mono: successfully reloaded assembly
- Completed reload, in  1.569 seconds
Platform modules already initialized, skipping
Refreshing native plugins compatible for Editor in 0.54 ms, found 0 plugins.
Preloading 0 native plugins for Editor in 0.00 ms.
Unloading 1414 Unused Serialized files (Serialized files now loaded: 0)
System memory in use before: 71.8 MB.
System memory in use after: 71.9 MB.

Unloading 5 unused Assets to reduce memory usage. Loaded Objects now: 1964.
Total: 6.281400 ms (FindLiveObjects: 0.223000 ms CreateObjectMapping: 0.111700 ms MarkObjects: 5.856600 ms  DeleteObjects: 0.087100 ms)

========================================================================
Received Prepare
Registering precompiled user dll's ...
Registered in 0.000891 seconds.
Begin MonoManager ReloadAssembly
Native extension for WindowsStandalone target not found
Refreshing native plugins compatible for Editor in 0.34 ms, found 0 plugins.
Preloading 0 native plugins for Editor in 0.00 ms.
Invoked RoslynAnalysisRunner static constructor.
RoslynAnalysisRunner will not be running.
RoslynAnalysisRunner has terminated.
Mono: successfully reloaded assembly
- Completed reload, in  1.515 seconds
Platform modules already initialized, skipping
Refreshing native plugins compatible for Editor in 0.29 ms, found 0 plugins.
Preloading 0 native plugins for Editor in 0.00 ms.
Unloading 1414 Unused Serialized files (Serialized files now loaded: 0)
System memory in use before: 71.8 MB.
System memory in use after: 71.9 MB.

Unloading 5 unused Assets to reduce memory usage. Loaded Objects now: 1967.
Total: 4.765800 ms (FindLiveObjects: 0.726400 ms CreateObjectMapping: 0.623700 ms MarkObjects: 3.355400 ms  DeleteObjects: 0.058300 ms)

========================================================================
Received Prepare
Registering precompiled user dll's ...
Registered in 0.001363 seconds.
Begin MonoManager ReloadAssembly
Native extension for WindowsStandalone target not found
Refreshing native plugins compatible for Editor in 0.34 ms, found 0 plugins.
Preloading 0 native plugins for Editor in 0.00 ms.
Invoked RoslynAnalysisRunner static constructor.
RoslynAnalysisRunner will not be running.
RoslynAnalysisRunner has terminated.
Mono: successfully reloaded assembly
- Completed reload, in  1.410 seconds
Platform modules already initialized, skipping
Refreshing native plugins compatible for Editor in 0.33 ms, found 0 plugins.
Preloading 0 native plugins for Editor in 0.00 ms.
Unloading 1414 Unused Serialized files (Serialized files now loaded: 0)
System memory in use before: 71.8 MB.
System memory in use after: 71.9 MB.

Unloading 5 unused Assets to reduce memory usage. Loaded Objects now: 1970.
Total: 4.895500 ms (FindLiveObjects: 0.258300 ms CreateObjectMapping: 0.133500 ms MarkObjects: 4.436300 ms  DeleteObjects: 0.065500 ms)

========================================================================
Received Prepare
Registering precompiled user dll's ...
Registered in 0.001019 seconds.
Begin MonoManager ReloadAssembly
Native extension for WindowsStandalone target not found
Refreshing native plugins compatible for Editor in 0.94 ms, found 0 plugins.
Preloading 0 native plugins for Editor in 0.00 ms.
Invoked RoslynAnalysisRunner static constructor.
RoslynAnalysisRunner will not be running.
RoslynAnalysisRunner has terminated.
Mono: successfully reloaded assembly
- Completed reload, in  1.589 seconds
Platform modules already initialized, skipping
Refreshing native plugins compatible for Editor in 0.47 ms, found 0 plugins.
Preloading 0 native plugins for Editor in 0.00 ms.
Unloading 1414 Unused Serialized files (Serialized files now loaded: 0)
System memory in use before: 71.8 MB.
System memory in use after: 71.9 MB.

Unloading 5 unused Assets to reduce memory usage. Loaded Objects now: 1973.
Total: 2.330900 ms (FindLiveObjects: 0.211500 ms CreateObjectMapping: 0.118000 ms MarkObjects: 1.943900 ms  DeleteObjects: 0.055700 ms)

========================================================================
Received Prepare
Registering precompiled user dll's ...
Registered in 0.000754 seconds.
Begin MonoManager ReloadAssembly
Native extension for WindowsStandalone target not found
Refreshing native plugins compatible for Editor in 0.29 ms, found 0 plugins.
Preloading 0 native plugins for Editor in 0.00 ms.
Invoked RoslynAnalysisRunner static constructor.
RoslynAnalysisRunner will not be running.
RoslynAnalysisRunner has terminated.
Mono: successfully reloaded assembly
- Completed reload, in  1.110 seconds
Platform modules already initialized, skipping
Refreshing native plugins compatible for Editor in 0.35 ms, found 0 plugins.
Preloading 0 native plugins for Editor in 0.00 ms.
Unloading 1414 Unused Serialized files (Serialized files now loaded: 0)
System memory in use before: 71.8 MB.
System memory in use after: 71.9 MB.

Unloading 5 unused Assets to reduce memory usage. Loaded Objects now: 1976.
Total: 2.518800 ms (FindLiveObjects: 0.240600 ms CreateObjectMapping: 0.165300 ms MarkObjects: 2.056300 ms  DeleteObjects: 0.055200 ms)

========================================================================
Received Import Request.
  Time since last request: 5968.376253 seconds.
  path: Assets/Bilder/Background_1.png
  artifactKey: Guid(18efb5f5f9585ee4b8d9fd11ec238eda) Importer(815301076,1909f56bfc062723c751e8b465ee728b)
Start importing Assets/Bilder/Background_1.png using Guid(18efb5f5f9585ee4b8d9fd11ec238eda) Importer(815301076,1909f56bfc062723c751e8b465ee728b)  -> (artifact id: 'e08fce9440b9cab14a9a0bbecb2f10ac') in 0.279219 seconds
  Import took 0.282166 seconds .

========================================================================
Received Import Request.
  Time since last request: 7.586812 seconds.
  path: Assets/Bilder/layer0.png
  artifactKey: Guid(c7ed60fe77dd5274897c51676ef0c337) Importer(815301076,1909f56bfc062723c751e8b465ee728b)
Start importing Assets/Bilder/layer0.png using Guid(c7ed60fe77dd5274897c51676ef0c337) Importer(815301076,1909f56bfc062723c751e8b465ee728b)  -> (artifact id: 'a68e1d105a5fa7ba5516118f60fa1d52') in 0.177121 seconds
  Import took 0.180032 seconds .

========================================================================
Received Prepare
Registering precompiled user dll's ...
Registered in 0.001155 seconds.
Begin MonoManager ReloadAssembly
Native extension for WindowsStandalone target not found
Refreshing native plugins compatible for Editor in 1.60 ms, found 0 plugins.
Preloading 0 native plugins for Editor in 0.00 ms.
Invoked RoslynAnalysisRunner static constructor.
RoslynAnalysisRunner will not be running.
RoslynAnalysisRunner has terminated.
Mono: successfully reloaded assembly
- Completed reload, in  1.163 seconds
Platform modules already initialized, skipping
Refreshing native plugins compatible for Editor in 0.30 ms, found 0 plugins.
Preloading 0 native plugins for Editor in 0.00 ms.
Unloading 1414 Unused Serialized files (Serialized files now loaded: 0)
System memory in use before: 71.8 MB.
System memory in use after: 71.9 MB.

Unloading 5 unused Assets to reduce memory usage. Loaded Objects now: 1980.
Total: 2.879100 ms (FindLiveObjects: 0.207900 ms CreateObjectMapping: 0.102800 ms MarkObjects: 2.497000 ms  DeleteObjects: 0.069200 ms)

AssetImportWorkerClient::OnTransportError - code=2 error=End of file
