Using pre-set license
Built from '2020.3/release' branch; Version is '2020.3.2f1 (8fd9074bf66c) revision 9427207'; Using compiler version '192528614'; Build Type 'Release'
OS: 'Windows 10 Home; OS build 19041.867; Version 2004; 64bit' Language: 'de' Physical Memory: 16336 MB
BatchMode: 1, IsHumanControllingUs: 0, StartBugReporterOnCrash: 0, Is64bit: 1, IsPro: 0

 COMMAND LINE ARGUMENTS:
C:\Program Files\Unity\Hub\Editor\2020.3.2f1\Editor\Unity.exe
-adb2
-batchMode
-noUpm
-name
AssetImportWorker0
-projectPath
C:/Users/Paul/Documents/GitHub/Paul-JulianProjekt/WurzelBaum
-logFile
Logs/AssetImportWorker0.log
-srvPort
55254
Successfully changed project path to: C:/Users/Paul/Documents/GitHub/Paul-JulianProjekt/WurzelBaum
C:/Users/Paul/Documents/GitHub/Paul-JulianProjekt/WurzelBaum
Using Asset Import Pipeline V2.
Refreshing native plugins compatible for Editor in 84.16 ms, found 0 plugins.
Preloading 0 native plugins for Editor in 0.00 ms.
Initialize engine version: 2020.3.2f1 (8fd9074bf66c)
[Subsystems] Discovering subsystems at path C:/Program Files/Unity/Hub/Editor/2020.3.2f1/Editor/Data/Resources/UnitySubsystems
[Subsystems] Discovering subsystems at path C:/Users/Paul/Documents/GitHub/Paul-JulianProjekt/WurzelBaum/Assets
GfxDevice: creating device client; threaded=0
Direct3D:
    Version:  Direct3D 11.0 [level 11.1]
    Renderer: Radeon RX 570 Series (ID=0x67df)
    Vendor:   
    VRAM:     4076 MB
    Driver:   26.20.15019.19000
Initialize mono
Mono path[0] = 'C:/Program Files/Unity/Hub/Editor/2020.3.2f1/Editor/Data/Managed'
Mono path[1] = 'C:/Program Files/Unity/Hub/Editor/2020.3.2f1/Editor/Data/MonoBleedingEdge/lib/mono/unityjit'
Mono config path = 'C:/Program Files/Unity/Hub/Editor/2020.3.2f1/Editor/Data/MonoBleedingEdge/etc'
Using monoOptions --debugger-agent=transport=dt_socket,embedding=1,server=y,suspend=n,address=127.0.0.1:56244
Begin MonoManager ReloadAssembly
Registering precompiled unity dll's ...
Register platform support module: C:/Program Files/Unity/Hub/Editor/2020.3.2f1/Editor/Data/PlaybackEngines/WindowsStandaloneSupport/UnityEditor.WindowsStandalone.Extensions.dll
Registered in 0.004672 seconds.
Native extension for WindowsStandalone target not found
Refreshing native plugins compatible for Editor in 85.43 ms, found 0 plugins.
Preloading 0 native plugins for Editor in 0.00 ms.
Invoked RoslynAnalysisRunner static constructor.
RoslynAnalysisRunner will not be running.
RoslynAnalysisRunner has terminated.
Mono: successfully reloaded assembly
- Completed reload, in  3.137 seconds
Platform modules already initialized, skipping
Registering precompiled user dll's ...
Registered in 0.001657 seconds.
Begin MonoManager ReloadAssembly
Native extension for WindowsStandalone target not found
Refreshing native plugins compatible for Editor in 83.40 ms, found 0 plugins.
Preloading 0 native plugins for Editor in 0.00 ms.
Invoked RoslynAnalysisRunner static constructor.
RoslynAnalysisRunner will not be running.
RoslynAnalysisRunner has terminated.
Mono: successfully reloaded assembly
- Completed reload, in  2.451 seconds
Platform modules already initialized, skipping
========================================================================
Worker process is ready to serve import requests
Launched and connected shader compiler UnityShaderCompiler.exe after 0.10 seconds
Refreshing native plugins compatible for Editor in 0.67 ms, found 0 plugins.
Preloading 0 native plugins for Editor in 0.00 ms.
Unloading 1539 Unused Serialized files (Serialized files now loaded: 0)
System memory in use before: 77.7 MB.
System memory in use after: 77.7 MB.

Unloading 12 unused Assets to reduce memory usage. Loaded Objects now: 1984.
Total: 4.219900 ms (FindLiveObjects: 0.332500 ms CreateObjectMapping: 0.126000 ms MarkObjects: 3.611400 ms  DeleteObjects: 0.147600 ms)

========================================================================
Received Import Request.
  path: Assets/Mohrhühner/ufo_mat 2.mat
  artifactKey: Guid(180a4f4cde8c0a44486db4c2f8839343) Importer(815301076,1909f56bfc062723c751e8b465ee728b)
Start importing Assets/Mohrhühner/ufo_mat 2.mat using Guid(180a4f4cde8c0a44486db4c2f8839343) Importer(815301076,1909f56bfc062723c751e8b465ee728b)  -> (artifact id: '7d30088c1a1b9cede8a04510a612dae8') in 0.277771 seconds
  Import took 0.284044 seconds .

========================================================================
Received Import Request.
  Time since last request: 0.000647 seconds.
  path: Assets/Mohrhühner/ufo_mat.mat
  artifactKey: Guid(e92be49c43944bf4483b61d50da3e6e8) Importer(815301076,1909f56bfc062723c751e8b465ee728b)
Start importing Assets/Mohrhühner/ufo_mat.mat using Guid(e92be49c43944bf4483b61d50da3e6e8) Importer(815301076,1909f56bfc062723c751e8b465ee728b)  -> (artifact id: '016ec6f39f8715d477edd942bab2ca66') in 0.024336 seconds
  Import took 0.029969 seconds .

========================================================================
Received Prepare
Registering precompiled user dll's ...
Registered in 0.001941 seconds.
Begin MonoManager ReloadAssembly
Native extension for WindowsStandalone target not found
Refreshing native plugins compatible for Editor in 1.41 ms, found 0 plugins.
Preloading 0 native plugins for Editor in 0.00 ms.
Invoked RoslynAnalysisRunner static constructor.
RoslynAnalysisRunner will not be running.
RoslynAnalysisRunner has terminated.
Mono: successfully reloaded assembly
- Completed reload, in  2.226 seconds
Platform modules already initialized, skipping
Refreshing native plugins compatible for Editor in 0.66 ms, found 0 plugins.
Preloading 0 native plugins for Editor in 0.00 ms.
Unloading 1507 Unused Serialized files (Serialized files now loaded: 0)
System memory in use before: 78.4 MB.
System memory in use after: 78.5 MB.

Unloading 5 unused Assets to reduce memory usage. Loaded Objects now: 2027.
Total: 5.947800 ms (FindLiveObjects: 0.572300 ms CreateObjectMapping: 0.145900 ms MarkObjects: 5.077700 ms  DeleteObjects: 0.148300 ms)

========================================================================
Received Import Request.
  Time since last request: 686.447962 seconds.
  path: Assets/Mohrhühner/ufo_mat 2.mat
  artifactKey: Guid(180a4f4cde8c0a44486db4c2f8839343) Importer(815301076,1909f56bfc062723c751e8b465ee728b)
Start importing Assets/Mohrhühner/ufo_mat 2.mat using Guid(180a4f4cde8c0a44486db4c2f8839343) Importer(815301076,1909f56bfc062723c751e8b465ee728b)  -> (artifact id: '12bf8baf5effb1f91329b482ffa95fbf') in 0.222666 seconds
  Import took 0.232025 seconds .

AssetImportWorkerClient::OnTransportError - code=2 error=End of file
